
> blogger@0.0.0 start /home/bitnami/lab6
> node ./bin/www

Mongoose is Connected to mongodb://blog:blog@localhost:27017/tasks
[0mGET / [32m200 [0m6.849 ms - 6722[0m
[0mGET /nav/navigation.js [32m200 [0m4.607 ms - 739[0m
[0mGET /lib/angular-route.min.js [32m200 [0m4.578 ms - 3884[0m
[0mGET /lib/bootstrap/js/bootstrap.min.js [32m200 [0m4.588 ms - 51039[0m
[0mGET /lib/stylesheets/style.css [32m200 [0m6.676 ms - 806[0m
[0mGET /lib/angular-ui-router.min.js [32m200 [0m7.474 ms - 19546[0m
[0mGET /blogApp.js [32m200 [0m0.442 ms - 9074[0m
[0mGET /lib/bootstrap/css/bootstrap.min.css [32m200 [0m7.383 ms - 140936[0m
[0mGET /nav/navigation.html [32m200 [0m0.495 ms - 684[0m
Getting blog list
[ { _id: 5c92ba9d8b20c2102fab1e06,
    blogTitle: 'logged in',
    blogText: 'editting post',
    createdDate: 2019-03-20T22:11:41.296Z,
    __v: 0 },
  { _id: 5c9960f35fac9b14e7e2cf2f,
    blogTitle: 'editing test',
    blogText: 'with no hup turned on',
    createdDate: 2019-03-25T23:14:59.317Z,
    __v: 0 },
  { _id: 5c9cc365adca41483ffa646f,
    blogTitle: 'Adding',
    blogText: 'redirect test',
    createdDate: 2019-03-28T12:51:49.612Z,
    __v: 0 },
  { _id: 5ca37bba3ef75e29e41cb4db,
    blogTitle: 'logged in',
    blogText: 'testing add',
    createdDate: 2019-04-02T15:11:54.679Z,
    __v: 0 } ]
[0mGET /api/blog [32m200 [0m21.667 ms - 527[0m
[0mPOST /api/login [33m401 [0m31.499 ms - 33[0m
[0mPOST /api/login [32m200 [0m17.716 ms - 257[0m
Getting blog list
[ { _id: 5c92ba9d8b20c2102fab1e06,
    blogTitle: 'logged in',
    blogText: 'editting post',
    createdDate: 2019-03-20T22:11:41.296Z,
    __v: 0 },
  { _id: 5c9960f35fac9b14e7e2cf2f,
    blogTitle: 'editing test',
    blogText: 'with no hup turned on',
    createdDate: 2019-03-25T23:14:59.317Z,
    __v: 0 },
  { _id: 5c9cc365adca41483ffa646f,
    blogTitle: 'Adding',
    blogText: 'redirect test',
    createdDate: 2019-03-28T12:51:49.612Z,
    __v: 0 },
  { _id: 5ca37bba3ef75e29e41cb4db,
    blogTitle: 'logged in',
    blogText: 'testing add',
    createdDate: 2019-04-02T15:11:54.679Z,
    __v: 0 } ]
[0mGET /api/blog [36m304 [0m3.833 ms - -[0m
Getting blog list
[ { _id: 5c92ba9d8b20c2102fab1e06,
    blogTitle: 'logged in',
    blogText: 'editting post',
    createdDate: 2019-03-20T22:11:41.296Z,
    __v: 0 },
  { _id: 5c9960f35fac9b14e7e2cf2f,
    blogTitle: 'editing test',
    blogText: 'with no hup turned on',
    createdDate: 2019-03-25T23:14:59.317Z,
    __v: 0 },
  { _id: 5c9cc365adca41483ffa646f,
    blogTitle: 'Adding',
    blogText: 'redirect test',
    createdDate: 2019-03-28T12:51:49.612Z,
    __v: 0 },
  { _id: 5ca37bba3ef75e29e41cb4db,
    blogTitle: 'logged in',
    blogText: 'testing add',
    createdDate: 2019-04-02T15:11:54.679Z,
    __v: 0 } ]
[0mGET /api/blog [36m304 [0m4.435 ms - -[0m
Getting blog list
[ { _id: 5c92ba9d8b20c2102fab1e06,
    blogTitle: 'logged in',
    blogText: 'editting post',
    createdDate: 2019-03-20T22:11:41.296Z,
    __v: 0 },
  { _id: 5c9960f35fac9b14e7e2cf2f,
    blogTitle: 'editing test',
    blogText: 'with no hup turned on',
    createdDate: 2019-03-25T23:14:59.317Z,
    __v: 0 },
  { _id: 5c9cc365adca41483ffa646f,
    blogTitle: 'Adding',
    blogText: 'redirect test',
    createdDate: 2019-03-28T12:51:49.612Z,
    __v: 0 },
  { _id: 5ca37bba3ef75e29e41cb4db,
    blogTitle: 'logged in',
    blogText: 'testing add',
    createdDate: 2019-04-02T15:11:54.679Z,
    __v: 0 } ]
[0mGET /api/blog [36m304 [0m2.937 ms - -[0m

> blogger@0.0.0 start /home/bitnami/hiddenBlogger
> node ./bin/www

Mongoose is Connected to mongodb://blog:blog@localhost:27017/tasks
[0mGET / [36m304 [0m5.389 ms - -[0m
[0mGET /lib/angular-route.min.js [36m304 [0m1.234 ms - -[0m
[0mGET /lib/angular-ui-router.min.js [36m304 [0m1.153 ms - -[0m
[0mGET /lib/stylesheets/style.css [36m304 [0m1.262 ms - -[0m
[0mGET /lib/bootstrap/css/bootstrap.min.css [36m304 [0m1.277 ms - -[0m
[0mGET /lib/bootstrap/js/bootstrap.min.js [36m304 [0m1.293 ms - -[0m
[0mGET /blogApp.js [36m304 [0m1.309 ms - -[0m
[0mGET /nav/navigation.js [36m304 [0m0.247 ms - -[0m
[0mGET /nav/navigation.html [36m304 [0m0.277 ms - -[0m
[0mGET /images/profile.jpeg [36m304 [0m0.359 ms - -[0m
[0mGET / [36m304 [0m0.494 ms - -[0m
[0mGET /lib/angular-route.min.js [36m304 [0m0.325 ms - -[0m
[0mGET /lib/angular-ui-router.min.js [36m304 [0m1.145 ms - -[0m
[0mGET /lib/bootstrap/js/bootstrap.min.js [36m304 [0m1.146 ms - -[0m
[0mGET /lib/stylesheets/style.css [36m304 [0m1.408 ms - -[0m
[0mGET /lib/bootstrap/css/bootstrap.min.css [36m304 [0m1.432 ms - -[0m
[0mGET /blogApp.js [36m304 [0m0.792 ms - -[0m
[0mGET /nav/navigation.js [36m304 [0m0.213 ms - -[0m
[0mGET /nav/navigation.html [36m304 [0m0.206 ms - -[0m
[0mGET /images/profile.jpeg [36m304 [0m0.267 ms - -[0m
Getting blog list
[ { _id: 5c92ba9d8b20c2102fab1e06,
    blogTitle: 'logged in edit this',
    blogText: 'editting post check',
    createdDate: 2019-03-20T22:11:41.296Z,
    __v: 0 },
  { _id: 5c9cc365adca41483ffa646f,
    blogTitle: 'Adding',
    blogText: 'redirect test',
    createdDate: 2019-03-28T12:51:49.612Z,
    __v: 0 },
  { _id: 5ca37bba3ef75e29e41cb4db,
    blogTitle: 'logged in',
    blogText: 'testing add',
    createdDate: 2019-04-02T15:11:54.679Z,
    __v: 0 },
  { _id: 5ca37dac9e378a2ae9af60f5,
    blogTitle: 'adding a blog logged in',
    blogText: 'hope this works',
    createdDate: 2019-04-02T15:20:12.359Z,
    __v: 0 },
  { _id: 5cacbd9f4cd448636b702aa6,
    blogTitle: 'testing ',
    blogText: 'add email to list',
    email: 'ehinerdeer@gmail.com',
    createdDate: 2019-04-09T15:43:27.749Z,
    __v: 0 },
  { _id: 5caccb95b330f6678ac0e7da,
    blogTitle: 'test again',
    blogText: 'for adding purposes',
    email: 'ehinerdeer@gmail.com',
    createdDate: 2019-04-09T16:43:01.365Z,
    __v: 0 } ]
[0mGET /api/blog [36m304 [0m21.838 ms - -[0m
[0mPOST /api/login [32m200 [0m32.252 ms - 257[0m
Getting blog list
[ { _id: 5c92ba9d8b20c2102fab1e06,
    blogTitle: 'logged in edit this',
    blogText: 'editting post check',
    createdDate: 2019-03-20T22:11:41.296Z,
    __v: 0 },
  { _id: 5c9cc365adca41483ffa646f,
    blogTitle: 'Adding',
    blogText: 'redirect test',
    createdDate: 2019-03-28T12:51:49.612Z,
    __v: 0 },
  { _id: 5ca37bba3ef75e29e41cb4db,
    blogTitle: 'logged in',
    blogText: 'testing add',
    createdDate: 2019-04-02T15:11:54.679Z,
    __v: 0 },
  { _id: 5ca37dac9e378a2ae9af60f5,
    blogTitle: 'adding a blog logged in',
    blogText: 'hope this works',
    createdDate: 2019-04-02T15:20:12.359Z,
    __v: 0 },
  { _id: 5cacbd9f4cd448636b702aa6,
    blogTitle: 'testing ',
    blogText: 'add email to list',
    email: 'ehinerdeer@gmail.com',
    createdDate: 2019-04-09T15:43:27.749Z,
    __v: 0 },
  { _id: 5caccb95b330f6678ac0e7da,
    blogTitle: 'test again',
    blogText: 'for adding purposes',
    email: 'ehinerdeer@gmail.com',
    createdDate: 2019-04-09T16:43:01.365Z,
    __v: 0 } ]
[0mGET /api/blog [36m304 [0m4.310 ms - -[0m
[0mGET / [36m304 [0m0.628 ms - -[0m
[0mGET /lib/angular-route.min.js [36m304 [0m0.507 ms - -[0m
[0mGET /lib/angular-ui-router.min.js [36m304 [0m0.359 ms - -[0m
[0mGET /lib/stylesheets/style.css [36m304 [0m0.378 ms - -[0m
[0mGET /lib/bootstrap/css/bootstrap.min.css [36m304 [0m0.982 ms - -[0m
[0mGET /lib/bootstrap/js/bootstrap.min.js [36m304 [0m0.991 ms - -[0m
[0mGET /blogApp.js [36m304 [0m1.034 ms - -[0m
[0mGET /nav/navigation.js [36m304 [0m0.243 ms - -[0m
[0mGET /nav/navigation.html [36m304 [0m0.267 ms - -[0m
[0mGET /images/profile.jpeg [36m304 [0m0.324 ms - -[0m
[0mGET / [36m304 [0m0.540 ms - -[0m
[0mGET /lib/angular-route.min.js [36m304 [0m1.310 ms - -[0m
[0mGET /lib/stylesheets/style.css [36m304 [0m1.306 ms - -[0m
[0mGET /lib/bootstrap/js/bootstrap.min.js [36m304 [0m1.280 ms - -[0m
[0mGET /lib/bootstrap/css/bootstrap.min.css [36m304 [0m1.752 ms - -[0m
[0mGET /lib/angular-ui-router.min.js [36m304 [0m1.003 ms - -[0m
[0mGET /blogApp.js [36m304 [0m0.983 ms - -[0m
[0mGET /nav/navigation.js [36m304 [0m0.264 ms - -[0m
[0mGET /nav/navigation.html [36m304 [0m0.235 ms - -[0m
[0mGET /images/profile.jpeg [36m304 [0m0.327 ms - -[0m
Getting blog list
[ { _id: 5c92ba9d8b20c2102fab1e06,
    blogTitle: 'logged in edit this',
    blogText: 'editting post check',
    createdDate: 2019-03-20T22:11:41.296Z,
    __v: 0 },
  { _id: 5c9cc365adca41483ffa646f,
    blogTitle: 'Adding',
    blogText: 'redirect test',
    createdDate: 2019-03-28T12:51:49.612Z,
    __v: 0 },
  { _id: 5ca37bba3ef75e29e41cb4db,
    blogTitle: 'logged in',
    blogText: 'testing add',
    createdDate: 2019-04-02T15:11:54.679Z,
    __v: 0 },
  { _id: 5ca37dac9e378a2ae9af60f5,
    blogTitle: 'adding a blog logged in',
    blogText: 'hope this works',
    createdDate: 2019-04-02T15:20:12.359Z,
    __v: 0 },
  { _id: 5cacbd9f4cd448636b702aa6,
    blogTitle: 'testing ',
    blogText: 'add email to list',
    email: 'ehinerdeer@gmail.com',
    createdDate: 2019-04-09T15:43:27.749Z,
    __v: 0 },
  { _id: 5caccb95b330f6678ac0e7da,
    blogTitle: 'test again',
    blogText: 'for adding purposes',
    email: 'ehinerdeer@gmail.com',
    createdDate: 2019-04-09T16:43:01.365Z,
    __v: 0 } ]
[0mGET /api/blog [36m304 [0m3.386 ms - -[0m
Getting blog list
[ { _id: 5c92ba9d8b20c2102fab1e06,
    blogTitle: 'logged in edit this',
    blogText: 'editting post check',
    createdDate: 2019-03-20T22:11:41.296Z,
    __v: 0 },
  { _id: 5c9cc365adca41483ffa646f,
    blogTitle: 'Adding',
    blogText: 'redirect test',
    createdDate: 2019-03-28T12:51:49.612Z,
    __v: 0 },
  { _id: 5ca37bba3ef75e29e41cb4db,
    blogTitle: 'logged in',
    blogText: 'testing add',
    createdDate: 2019-04-02T15:11:54.679Z,
    __v: 0 },
  { _id: 5ca37dac9e378a2ae9af60f5,
    blogTitle: 'adding a blog logged in',
    blogText: 'hope this works',
    createdDate: 2019-04-02T15:20:12.359Z,
    __v: 0 },
  { _id: 5cacbd9f4cd448636b702aa6,
    blogTitle: 'testing ',
    blogText: 'add email to list',
    email: 'ehinerdeer@gmail.com',
    createdDate: 2019-04-09T15:43:27.749Z,
    __v: 0 },
  { _id: 5caccb95b330f6678ac0e7da,
    blogTitle: 'test again',
    blogText: 'for adding purposes',
    email: 'ehinerdeer@gmail.com',
    createdDate: 2019-04-09T16:43:01.365Z,
    __v: 0 } ]
[0mGET /api/blog [36m304 [0m4.550 ms - -[0m
Getting blog list
[ { _id: 5c92ba9d8b20c2102fab1e06,
    blogTitle: 'logged in edit this',
    blogText: 'editting post check',
    createdDate: 2019-03-20T22:11:41.296Z,
    __v: 0 },
  { _id: 5c9cc365adca41483ffa646f,
    blogTitle: 'Adding',
    blogText: 'redirect test',
    createdDate: 2019-03-28T12:51:49.612Z,
    __v: 0 },
  { _id: 5ca37bba3ef75e29e41cb4db,
    blogTitle: 'logged in',
    blogText: 'testing add',
    createdDate: 2019-04-02T15:11:54.679Z,
    __v: 0 },
  { _id: 5ca37dac9e378a2ae9af60f5,
    blogTitle: 'adding a blog logged in',
    blogText: 'hope this works',
    createdDate: 2019-04-02T15:20:12.359Z,
    __v: 0 },
  { _id: 5cacbd9f4cd448636b702aa6,
    blogTitle: 'testing ',
    blogText: 'add email to list',
    email: 'ehinerdeer@gmail.com',
    createdDate: 2019-04-09T15:43:27.749Z,
    __v: 0 },
  { _id: 5caccb95b330f6678ac0e7da,
    blogTitle: 'test again',
    blogText: 'for adding purposes',
    email: 'ehinerdeer@gmail.com',
    createdDate: 2019-04-09T16:43:01.365Z,
    __v: 0 } ]
[0mGET /api/blog [36m304 [0m3.482 ms - -[0m
[0mGET / [32m200 [0m2.454 ms - 11283[0m
[0mGET /lib/angular-route.min.js [32m200 [0m0.621 ms - 3884[0m
[0mGET /lib/stylesheets/style.css [32m200 [0m0.434 ms - 822[0m
[0mGET /lib/angular-ui-router.min.js [32m200 [0m1.554 ms - 19546[0m
[0mGET /lib/bootstrap/js/bootstrap.min.js [32m200 [0m1.737 ms - 51039[0m
[0mGET /lib/bootstrap/css/bootstrap.min.css [32m200 [0m5.502 ms - 140936[0m
[0mGET /blogApp.js [32m200 [0m0.451 ms - 10335[0m
[0mGET /nav/navigation.js [32m200 [0m0.366 ms - 743[0m
[0mGET /nav/navigation.html [32m200 [0m0.556 ms - 782[0m
[0mGET /images/profile.jpeg [32m200 [0m0.451 ms - 51705[0m
Getting blog list
[ { _id: 5c92ba9d8b20c2102fab1e06,
    blogTitle: 'logged in edit this',
    blogText: 'editting post check',
    createdDate: 2019-03-20T22:11:41.296Z,
    __v: 0 },
  { _id: 5c9cc365adca41483ffa646f,
    blogTitle: 'Adding',
    blogText: 'redirect test',
    createdDate: 2019-03-28T12:51:49.612Z,
    __v: 0 },
  { _id: 5ca37bba3ef75e29e41cb4db,
    blogTitle: 'logged in',
    blogText: 'testing add',
    createdDate: 2019-04-02T15:11:54.679Z,
    __v: 0 },
  { _id: 5ca37dac9e378a2ae9af60f5,
    blogTitle: 'adding a blog logged in',
    blogText: 'hope this works',
    createdDate: 2019-04-02T15:20:12.359Z,
    __v: 0 },
  { _id: 5cacbd9f4cd448636b702aa6,
    blogTitle: 'testing ',
    blogText: 'add email to list',
    email: 'ehinerdeer@gmail.com',
    createdDate: 2019-04-09T15:43:27.749Z,
    __v: 0 },
  { _id: 5caccb95b330f6678ac0e7da,
    blogTitle: 'test again',
    blogText: 'for adding purposes',
    email: 'ehinerdeer@gmail.com',
    createdDate: 2019-04-09T16:43:01.365Z,
    __v: 0 } ]
[0mGET /api/blog [32m200 [0m3.862 ms - 880[0m
[0mPOST /api/login [32m200 [0m15.962 ms - 257[0m
Getting blog list
[ { _id: 5c92ba9d8b20c2102fab1e06,
    blogTitle: 'logged in edit this',
    blogText: 'editting post check',
    createdDate: 2019-03-20T22:11:41.296Z,
    __v: 0 },
  { _id: 5c9cc365adca41483ffa646f,
    blogTitle: 'Adding',
    blogText: 'redirect test',
    createdDate: 2019-03-28T12:51:49.612Z,
    __v: 0 },
  { _id: 5ca37bba3ef75e29e41cb4db,
    blogTitle: 'logged in',
    blogText: 'testing add',
    createdDate: 2019-04-02T15:11:54.679Z,
    __v: 0 },
  { _id: 5ca37dac9e378a2ae9af60f5,
    blogTitle: 'adding a blog logged in',
    blogText: 'hope this works',
    createdDate: 2019-04-02T15:20:12.359Z,
    __v: 0 },
  { _id: 5cacbd9f4cd448636b702aa6,
    blogTitle: 'testing ',
    blogText: 'add email to list',
    email: 'ehinerdeer@gmail.com',
    createdDate: 2019-04-09T15:43:27.749Z,
    __v: 0 },
  { _id: 5caccb95b330f6678ac0e7da,
    blogTitle: 'test again',
    blogText: 'for adding purposes',
    email: 'ehinerdeer@gmail.com',
    createdDate: 2019-04-09T16:43:01.365Z,
    __v: 0 } ]
[0mGET /api/blog [36m304 [0m2.730 ms - -[0m
Getting blog list
[ { _id: 5c92ba9d8b20c2102fab1e06,
    blogTitle: 'logged in edit this',
    blogText: 'editting post check',
    createdDate: 2019-03-20T22:11:41.296Z,
    __v: 0 },
  { _id: 5c9cc365adca41483ffa646f,
    blogTitle: 'Adding',
    blogText: 'redirect test',
    createdDate: 2019-03-28T12:51:49.612Z,
    __v: 0 },
  { _id: 5ca37bba3ef75e29e41cb4db,
    blogTitle: 'logged in',
    blogText: 'testing add',
    createdDate: 2019-04-02T15:11:54.679Z,
    __v: 0 },
  { _id: 5ca37dac9e378a2ae9af60f5,
    blogTitle: 'adding a blog logged in',
    blogText: 'hope this works',
    createdDate: 2019-04-02T15:20:12.359Z,
    __v: 0 },
  { _id: 5cacbd9f4cd448636b702aa6,
    blogTitle: 'testing ',
    blogText: 'add email to list',
    email: 'ehinerdeer@gmail.com',
    createdDate: 2019-04-09T15:43:27.749Z,
    __v: 0 },
  { _id: 5caccb95b330f6678ac0e7da,
    blogTitle: 'test again',
    blogText: 'for adding purposes',
    email: 'ehinerdeer@gmail.com',
    createdDate: 2019-04-09T16:43:01.365Z,
    __v: 0 } ]
[0mGET /api/blog [36m304 [0m3.281 ms - -[0m
Getting blog list
[ { _id: 5c92ba9d8b20c2102fab1e06,
    blogTitle: 'logged in edit this',
    blogText: 'editting post check',
    createdDate: 2019-03-20T22:11:41.296Z,
    __v: 0 },
  { _id: 5c9cc365adca41483ffa646f,
    blogTitle: 'Adding',
    blogText: 'redirect test',
    createdDate: 2019-03-28T12:51:49.612Z,
    __v: 0 },
  { _id: 5ca37bba3ef75e29e41cb4db,
    blogTitle: 'logged in',
    blogText: 'testing add',
    createdDate: 2019-04-02T15:11:54.679Z,
    __v: 0 },
  { _id: 5ca37dac9e378a2ae9af60f5,
    blogTitle: 'adding a blog logged in',
    blogText: 'hope this works',
    createdDate: 2019-04-02T15:20:12.359Z,
    __v: 0 },
  { _id: 5cacbd9f4cd448636b702aa6,
    blogTitle: 'testing ',
    blogText: 'add email to list',
    email: 'ehinerdeer@gmail.com',
    createdDate: 2019-04-09T15:43:27.749Z,
    __v: 0 },
  { _id: 5caccb95b330f6678ac0e7da,
    blogTitle: 'test again',
    blogText: 'for adding purposes',
    email: 'ehinerdeer@gmail.com',
    createdDate: 2019-04-09T16:43:01.365Z,
    __v: 0 } ]
[0mGET /api/blog [36m304 [0m3.285 ms - -[0m
[0mGET /images/profile.jpeg [36m304 [0m0.481 ms - -[0m
Getting blog list
[ { _id: 5c92ba9d8b20c2102fab1e06,
    blogTitle: 'logged in edit this',
    blogText: 'editting post check',
    createdDate: 2019-03-20T22:11:41.296Z,
    __v: 0 },
  { _id: 5c9cc365adca41483ffa646f,
    blogTitle: 'Adding',
    blogText: 'redirect test',
    createdDate: 2019-03-28T12:51:49.612Z,
    __v: 0 },
  { _id: 5ca37bba3ef75e29e41cb4db,
    blogTitle: 'logged in',
    blogText: 'testing add',
    createdDate: 2019-04-02T15:11:54.679Z,
    __v: 0 },
  { _id: 5ca37dac9e378a2ae9af60f5,
    blogTitle: 'adding a blog logged in',
    blogText: 'hope this works',
    createdDate: 2019-04-02T15:20:12.359Z,
    __v: 0 },
  { _id: 5cacbd9f4cd448636b702aa6,
    blogTitle: 'testing ',
    blogText: 'add email to list',
    email: 'ehinerdeer@gmail.com',
    createdDate: 2019-04-09T15:43:27.749Z,
    __v: 0 },
  { _id: 5caccb95b330f6678ac0e7da,
    blogTitle: 'test again',
    blogText: 'for adding purposes',
    email: 'ehinerdeer@gmail.com',
    createdDate: 2019-04-09T16:43:01.365Z,
    __v: 0 } ]
[0mGET /api/blog [36m304 [0m4.023 ms - -[0m
Getting blog list
[ { _id: 5c92ba9d8b20c2102fab1e06,
    blogTitle: 'logged in edit this',
    blogText: 'editting post check',
    createdDate: 2019-03-20T22:11:41.296Z,
    __v: 0 },
  { _id: 5c9cc365adca41483ffa646f,
    blogTitle: 'Adding',
    blogText: 'redirect test',
    createdDate: 2019-03-28T12:51:49.612Z,
    __v: 0 },
  { _id: 5ca37bba3ef75e29e41cb4db,
    blogTitle: 'logged in',
    blogText: 'testing add',
    createdDate: 2019-04-02T15:11:54.679Z,
    __v: 0 },
  { _id: 5ca37dac9e378a2ae9af60f5,
    blogTitle: 'adding a blog logged in',
    blogText: 'hope this works',
    createdDate: 2019-04-02T15:20:12.359Z,
    __v: 0 },
  { _id: 5cacbd9f4cd448636b702aa6,
    blogTitle: 'testing ',
    blogText: 'add email to list',
    email: 'ehinerdeer@gmail.com',
    createdDate: 2019-04-09T15:43:27.749Z,
    __v: 0 },
  { _id: 5caccb95b330f6678ac0e7da,
    blogTitle: 'test again',
    blogText: 'for adding purposes',
    email: 'ehinerdeer@gmail.com',
    createdDate: 2019-04-09T16:43:01.365Z,
    __v: 0 } ]
[0mGET /api/blog [36m304 [0m3.265 ms - -[0m
[0mGET /images/profile.jpeg [36m304 [0m0.476 ms - -[0m
[0mGET / [32m200 [0m0.604 ms - 11283[0m
[0mGET /lib/angular-route.min.js [32m200 [0m0.560 ms - 3884[0m
[0mGET /lib/stylesheets/style.css [32m200 [0m0.469 ms - 822[0m
[0mGET /lib/bootstrap/js/bootstrap.min.js [32m200 [0m0.913 ms - 51039[0m
[0mGET /blogApp.js [32m200 [0m0.788 ms - 10335[0m
[0mGET /nav/navigation.js [32m200 [0m0.671 ms - 743[0m
[0mGET /lib/bootstrap/css/bootstrap.min.css [32m200 [0m1.075 ms - 140936[0m
[0mGET /lib/angular-ui-router.min.js [32m200 [0m0.651 ms - 19546[0m
[0mGET /nav/navigation.html [32m200 [0m0.562 ms - 782[0m
[0mGET /images/profile.jpeg [32m200 [0m0.465 ms - 51705[0m
Getting blog list
[ { _id: 5c92ba9d8b20c2102fab1e06,
    blogTitle: 'logged in edit this',
    blogText: 'editting post check',
    createdDate: 2019-03-20T22:11:41.296Z,
    __v: 0 },
  { _id: 5c9cc365adca41483ffa646f,
    blogTitle: 'Adding',
    blogText: 'redirect test',
    createdDate: 2019-03-28T12:51:49.612Z,
    __v: 0 },
  { _id: 5ca37bba3ef75e29e41cb4db,
    blogTitle: 'logged in',
    blogText: 'testing add',
    createdDate: 2019-04-02T15:11:54.679Z,
    __v: 0 },
  { _id: 5ca37dac9e378a2ae9af60f5,
    blogTitle: 'adding a blog logged in',
    blogText: 'hope this works',
    createdDate: 2019-04-02T15:20:12.359Z,
    __v: 0 },
  { _id: 5cacbd9f4cd448636b702aa6,
    blogTitle: 'testing ',
    blogText: 'add email to list',
    email: 'ehinerdeer@gmail.com',
    createdDate: 2019-04-09T15:43:27.749Z,
    __v: 0 },
  { _id: 5caccb95b330f6678ac0e7da,
    blogTitle: 'test again',
    blogText: 'for adding purposes',
    email: 'ehinerdeer@gmail.com',
    createdDate: 2019-04-09T16:43:01.365Z,
    __v: 0 } ]
[0mGET /api/blog [32m200 [0m3.349 ms - 880[0m
Getting blog list
[ { _id: 5c92ba9d8b20c2102fab1e06,
    blogTitle: 'logged in edit this',
    blogText: 'editting post check',
    createdDate: 2019-03-20T22:11:41.296Z,
    __v: 0 },
  { _id: 5c9cc365adca41483ffa646f,
    blogTitle: 'Adding',
    blogText: 'redirect test',
    createdDate: 2019-03-28T12:51:49.612Z,
    __v: 0 },
  { _id: 5ca37bba3ef75e29e41cb4db,
    blogTitle: 'logged in',
    blogText: 'testing add',
    createdDate: 2019-04-02T15:11:54.679Z,
    __v: 0 },
  { _id: 5ca37dac9e378a2ae9af60f5,
    blogTitle: 'adding a blog logged in',
    blogText: 'hope this works',
    createdDate: 2019-04-02T15:20:12.359Z,
    __v: 0 },
  { _id: 5cacbd9f4cd448636b702aa6,
    blogTitle: 'testing ',
    blogText: 'add email to list',
    email: 'ehinerdeer@gmail.com',
    createdDate: 2019-04-09T15:43:27.749Z,
    __v: 0 },
  { _id: 5caccb95b330f6678ac0e7da,
    blogTitle: 'test again',
    blogText: 'for adding purposes',
    email: 'ehinerdeer@gmail.com',
    createdDate: 2019-04-09T16:43:01.365Z,
    __v: 0 } ]
[0mGET /api/blog [36m304 [0m3.217 ms - -[0m
[0mGET / [32m200 [0m1.215 ms - 11283[0m
[0mGET /lib/angular-ui-router.min.js [32m200 [0m0.984 ms - 19546[0m
[0mGET /lib/angular-route.min.js [32m200 [0m0.949 ms - 3884[0m
[0mGET /lib/stylesheets/style.css [32m200 [0m2.059 ms - 822[0m
[0mGET /lib/bootstrap/js/bootstrap.min.js [32m200 [0m2.037 ms - 51039[0m
[0mGET /blogApp.js [32m200 [0m6.609 ms - 10335[0m
[0mGET /lib/bootstrap/css/bootstrap.min.css [32m200 [0m6.402 ms - 140936[0m
[0mGET /nav/navigation.js [32m200 [0m1.971 ms - 743[0m
[0mGET /nav/navigation.html [32m200 [0m0.432 ms - 782[0m
[0mGET /images/profile.jpeg [32m200 [0m0.467 ms - 51705[0m
Getting blog list
[ { _id: 5c92ba9d8b20c2102fab1e06,
    blogTitle: 'logged in edit this',
    blogText: 'editting post check',
    createdDate: 2019-03-20T22:11:41.296Z,
    __v: 0 },
  { _id: 5c9cc365adca41483ffa646f,
    blogTitle: 'Adding',
    blogText: 'redirect test',
    createdDate: 2019-03-28T12:51:49.612Z,
    __v: 0 },
  { _id: 5ca37bba3ef75e29e41cb4db,
    blogTitle: 'logged in',
    blogText: 'testing add',
    createdDate: 2019-04-02T15:11:54.679Z,
    __v: 0 },
  { _id: 5ca37dac9e378a2ae9af60f5,
    blogTitle: 'adding a blog logged in',
    blogText: 'hope this works',
    createdDate: 2019-04-02T15:20:12.359Z,
    __v: 0 },
  { _id: 5cacbd9f4cd448636b702aa6,
    blogTitle: 'testing ',
    blogText: 'add email to list',
    email: 'ehinerdeer@gmail.com',
    createdDate: 2019-04-09T15:43:27.749Z,
    __v: 0 },
  { _id: 5caccb95b330f6678ac0e7da,
    blogTitle: 'test again',
    blogText: 'for adding purposes',
    email: 'ehinerdeer@gmail.com',
    createdDate: 2019-04-09T16:43:01.365Z,
    __v: 0 } ]
[0mGET /api/blog [32m200 [0m3.913 ms - 880[0m
[0mPOST /api/login [32m200 [0m15.734 ms - 257[0m
Getting blog list
[ { _id: 5c92ba9d8b20c2102fab1e06,
    blogTitle: 'logged in edit this',
    blogText: 'editting post check',
    createdDate: 2019-03-20T22:11:41.296Z,
    __v: 0 },
  { _id: 5c9cc365adca41483ffa646f,
    blogTitle: 'Adding',
    blogText: 'redirect test',
    createdDate: 2019-03-28T12:51:49.612Z,
    __v: 0 },
  { _id: 5ca37bba3ef75e29e41cb4db,
    blogTitle: 'logged in',
    blogText: 'testing add',
    createdDate: 2019-04-02T15:11:54.679Z,
    __v: 0 },
  { _id: 5ca37dac9e378a2ae9af60f5,
    blogTitle: 'adding a blog logged in',
    blogText: 'hope this works',
    createdDate: 2019-04-02T15:20:12.359Z,
    __v: 0 },
  { _id: 5cacbd9f4cd448636b702aa6,
    blogTitle: 'testing ',
    blogText: 'add email to list',
    email: 'ehinerdeer@gmail.com',
    createdDate: 2019-04-09T15:43:27.749Z,
    __v: 0 },
  { _id: 5caccb95b330f6678ac0e7da,
    blogTitle: 'test again',
    blogText: 'for adding purposes',
    email: 'ehinerdeer@gmail.com',
    createdDate: 2019-04-09T16:43:01.365Z,
    __v: 0 } ]
[0mGET /api/blog [36m304 [0m3.068 ms - -[0m
Getting blog list
[ { _id: 5c92ba9d8b20c2102fab1e06,
    blogTitle: 'logged in edit this',
    blogText: 'editting post check',
    createdDate: 2019-03-20T22:11:41.296Z,
    __v: 0 },
  { _id: 5c9cc365adca41483ffa646f,
    blogTitle: 'Adding',
    blogText: 'redirect test',
    createdDate: 2019-03-28T12:51:49.612Z,
    __v: 0 },
  { _id: 5ca37bba3ef75e29e41cb4db,
    blogTitle: 'logged in',
    blogText: 'testing add',
    createdDate: 2019-04-02T15:11:54.679Z,
    __v: 0 },
  { _id: 5ca37dac9e378a2ae9af60f5,
    blogTitle: 'adding a blog logged in',
    blogText: 'hope this works',
    createdDate: 2019-04-02T15:20:12.359Z,
    __v: 0 },
  { _id: 5cacbd9f4cd448636b702aa6,
    blogTitle: 'testing ',
    blogText: 'add email to list',
    email: 'ehinerdeer@gmail.com',
    createdDate: 2019-04-09T15:43:27.749Z,
    __v: 0 },
  { _id: 5caccb95b330f6678ac0e7da,
    blogTitle: 'test again',
    blogText: 'for adding purposes',
    email: 'ehinerdeer@gmail.com',
    createdDate: 2019-04-09T16:43:01.365Z,
    __v: 0 } ]
[0mGET /api/blog [36m304 [0m3.067 ms - -[0m
[0mGET / [36m304 [0m2.271 ms - -[0m
[0mGET /lib/angular-route.min.js [36m304 [0m1.990 ms - -[0m
[0mGET /lib/angular-ui-router.min.js [36m304 [0m1.860 ms - -[0m
[0mGET /lib/bootstrap/js/bootstrap.min.js [36m304 [0m1.830 ms - -[0m
[0mGET /lib/stylesheets/style.css [36m304 [0m1.798 ms - -[0m
[0mGET /blogApp.js [36m304 [0m1.793 ms - -[0m
[0mGET /lib/bootstrap/css/bootstrap.min.css [36m304 [0m1.748 ms - -[0m
[0mGET /nav/navigation.js [36m304 [0m1.915 ms - -[0m
[0mGET /nav/navigation.html [36m304 [0m0.308 ms - -[0m
Getting blog list
[ { _id: 5c92ba9d8b20c2102fab1e06,
    blogTitle: 'logged in edit this',
    blogText: 'editting post check',
    createdDate: 2019-03-20T22:11:41.296Z,
    __v: 0 },
  { _id: 5c9cc365adca41483ffa646f,
    blogTitle: 'Adding',
    blogText: 'redirect test',
    createdDate: 2019-03-28T12:51:49.612Z,
    __v: 0 },
  { _id: 5ca37bba3ef75e29e41cb4db,
    blogTitle: 'logged in',
    blogText: 'testing add',
    createdDate: 2019-04-02T15:11:54.679Z,
    __v: 0 },
  { _id: 5ca37dac9e378a2ae9af60f5,
    blogTitle: 'adding a blog logged in',
    blogText: 'hope this works',
    createdDate: 2019-04-02T15:20:12.359Z,
    __v: 0 },
  { _id: 5cacbd9f4cd448636b702aa6,
    blogTitle: 'testing ',
    blogText: 'add email to list',
    email: 'ehinerdeer@gmail.com',
    createdDate: 2019-04-09T15:43:27.749Z,
    __v: 0 },
  { _id: 5caccb95b330f6678ac0e7da,
    blogTitle: 'test again',
    blogText: 'for adding purposes',
    email: 'ehinerdeer@gmail.com',
    createdDate: 2019-04-09T16:43:01.365Z,
    __v: 0 } ]
[0mGET /api/blog [36m304 [0m2.989 ms - -[0m
Getting blog list
[ { _id: 5c92ba9d8b20c2102fab1e06,
    blogTitle: 'logged in edit this',
    blogText: 'editting post check',
    createdDate: 2019-03-20T22:11:41.296Z,
    __v: 0 },
  { _id: 5c9cc365adca41483ffa646f,
    blogTitle: 'Adding',
    blogText: 'redirect test',
    createdDate: 2019-03-28T12:51:49.612Z,
    __v: 0 },
  { _id: 5ca37bba3ef75e29e41cb4db,
    blogTitle: 'logged in',
    blogText: 'testing add',
    createdDate: 2019-04-02T15:11:54.679Z,
    __v: 0 },
  { _id: 5ca37dac9e378a2ae9af60f5,
    blogTitle: 'adding a blog logged in',
    blogText: 'hope this works',
    createdDate: 2019-04-02T15:20:12.359Z,
    __v: 0 },
  { _id: 5cacbd9f4cd448636b702aa6,
    blogTitle: 'testing ',
    blogText: 'add email to list',
    email: 'ehinerdeer@gmail.com',
    createdDate: 2019-04-09T15:43:27.749Z,
    __v: 0 },
  { _id: 5caccb95b330f6678ac0e7da,
    blogTitle: 'test again',
    blogText: 'for adding purposes',
    email: 'ehinerdeer@gmail.com',
    createdDate: 2019-04-09T16:43:01.365Z,
    __v: 0 } ]
[0mGET /api/blog [36m304 [0m3.809 ms - -[0m
Getting blog list
[ { _id: 5c92ba9d8b20c2102fab1e06,
    blogTitle: 'logged in edit this',
    blogText: 'editting post check',
    createdDate: 2019-03-20T22:11:41.296Z,
    __v: 0 },
  { _id: 5c9cc365adca41483ffa646f,
    blogTitle: 'Adding',
    blogText: 'redirect test',
    createdDate: 2019-03-28T12:51:49.612Z,
    __v: 0 },
  { _id: 5ca37bba3ef75e29e41cb4db,
    blogTitle: 'logged in',
    blogText: 'testing add',
    createdDate: 2019-04-02T15:11:54.679Z,
    __v: 0 },
  { _id: 5ca37dac9e378a2ae9af60f5,
    blogTitle: 'adding a blog logged in',
    blogText: 'hope this works',
    createdDate: 2019-04-02T15:20:12.359Z,
    __v: 0 },
  { _id: 5cacbd9f4cd448636b702aa6,
    blogTitle: 'testing ',
    blogText: 'add email to list',
    email: 'ehinerdeer@gmail.com',
    createdDate: 2019-04-09T15:43:27.749Z,
    __v: 0 },
  { _id: 5caccb95b330f6678ac0e7da,
    blogTitle: 'test again',
    blogText: 'for adding purposes',
    email: 'ehinerdeer@gmail.com',
    createdDate: 2019-04-09T16:43:01.365Z,
    __v: 0 } ]
[0mGET /api/blog [36m304 [0m2.962 ms - -[0m
[0mGET / [36m304 [0m0.421 ms - -[0m
[0mGET /blogApp.js [36m304 [0m1.290 ms - -[0m
[0mGET /lib/angular-route.min.js [36m304 [0m1.215 ms - -[0m
[0mGET /lib/bootstrap/js/bootstrap.min.js [36m304 [0m1.176 ms - -[0m
[0mGET /lib/stylesheets/style.css [36m304 [0m1.011 ms - -[0m
[0mGET /lib/angular-ui-router.min.js [36m304 [0m0.312 ms - -[0m
[0mGET /lib/bootstrap/css/bootstrap.min.css [36m304 [0m0.295 ms - -[0m
[0mGET /nav/navigation.js [36m304 [0m0.202 ms - -[0m
[0mGET /nav/navigation.html [36m304 [0m0.193 ms - -[0m
Getting blog list
[ { _id: 5c92ba9d8b20c2102fab1e06,
    blogTitle: 'logged in edit this',
    blogText: 'editting post check',
    createdDate: 2019-03-20T22:11:41.296Z,
    __v: 0 },
  { _id: 5c9cc365adca41483ffa646f,
    blogTitle: 'Adding',
    blogText: 'redirect test',
    createdDate: 2019-03-28T12:51:49.612Z,
    __v: 0 },
  { _id: 5ca37bba3ef75e29e41cb4db,
    blogTitle: 'logged in',
    blogText: 'testing add',
    createdDate: 2019-04-02T15:11:54.679Z,
    __v: 0 },
  { _id: 5ca37dac9e378a2ae9af60f5,
    blogTitle: 'adding a blog logged in',
    blogText: 'hope this works',
    createdDate: 2019-04-02T15:20:12.359Z,
    __v: 0 },
  { _id: 5cacbd9f4cd448636b702aa6,
    blogTitle: 'testing ',
    blogText: 'add email to list',
    email: 'ehinerdeer@gmail.com',
    createdDate: 2019-04-09T15:43:27.749Z,
    __v: 0 },
  { _id: 5caccb95b330f6678ac0e7da,
    blogTitle: 'test again',
    blogText: 'for adding purposes',
    email: 'ehinerdeer@gmail.com',
    createdDate: 2019-04-09T16:43:01.365Z,
    __v: 0 } ]
[0mGET /api/blog [36m304 [0m2.658 ms - -[0m
[0mGET /lib/stylesheets/style.css [36m304 [0m0.827 ms - -[0m
[0mGET /lib/bootstrap/css/bootstrap.min.css [36m304 [0m0.805 ms - -[0m
[0mGET /lib/angular-route.min.js.map [32m200 [0m4.227 ms - 9835[0m
[0mGET /lib/bootstrap/js/bootstrap.min.js.map [32m200 [0m0.491 ms - 176087[0m
[0mGET /lib/bootstrap/css/bootstrap.min.css.map [32m200 [0m1.110 ms - 562427[0m
[0mGET / [36m304 [0m0.534 ms - -[0m
[0mGET /lib/angular-route.min.js [36m304 [0m1.968 ms - -[0m
[0mGET /lib/angular-ui-router.min.js [36m304 [0m1.876 ms - -[0m
[0mGET /lib/bootstrap/js/bootstrap.min.js [36m304 [0m1.791 ms - -[0m
[0mGET /lib/stylesheets/style.css [36m304 [0m1.783 ms - -[0m
[0mGET /blogApp.js [36m304 [0m1.771 ms - -[0m
[0mGET /lib/bootstrap/css/bootstrap.min.css [36m304 [0m1.763 ms - -[0m
[0mGET /nav/navigation.js [36m304 [0m0.241 ms - -[0m
[0mGET /nav/navigation.html [36m304 [0m0.270 ms - -[0m
[0mGET /images/profile.jpeg [36m304 [0m0.426 ms - -[0m
Getting blog list
[ { _id: 5c92ba9d8b20c2102fab1e06,
    blogTitle: 'logged in edit this',
    blogText: 'editting post check',
    createdDate: 2019-03-20T22:11:41.296Z,
    __v: 0 },
  { _id: 5c9cc365adca41483ffa646f,
    blogTitle: 'Adding',
    blogText: 'redirect test',
    createdDate: 2019-03-28T12:51:49.612Z,
    __v: 0 },
  { _id: 5ca37bba3ef75e29e41cb4db,
    blogTitle: 'logged in',
    blogText: 'testing add',
    createdDate: 2019-04-02T15:11:54.679Z,
    __v: 0 },
  { _id: 5ca37dac9e378a2ae9af60f5,
    blogTitle: 'adding a blog logged in',
    blogText: 'hope this works',
    createdDate: 2019-04-02T15:20:12.359Z,
    __v: 0 },
  { _id: 5cacbd9f4cd448636b702aa6,
    blogTitle: 'testing ',
    blogText: 'add email to list',
    email: 'ehinerdeer@gmail.com',
    createdDate: 2019-04-09T15:43:27.749Z,
    __v: 0 },
  { _id: 5caccb95b330f6678ac0e7da,
    blogTitle: 'test again',
    blogText: 'for adding purposes',
    email: 'ehinerdeer@gmail.com',
    createdDate: 2019-04-09T16:43:01.365Z,
    __v: 0 } ]
[0mGET /api/blog [36m304 [0m3.044 ms - -[0m
Finding blogs { blogid: '5cacbd9f4cd448636b702aa6' }
{ _id: 5cacbd9f4cd448636b702aa6,
  blogTitle: 'testing ',
  blogText: 'add email to list',
  email: 'ehinerdeer@gmail.com',
  createdDate: 2019-04-09T15:43:27.749Z,
  __v: 0 }
[0mGET /api/blog/5cacbd9f4cd448636b702aa6 [32m200 [0m3.741 ms - 168[0m
Finding blogs { blogid: '5cacbd9f4cd448636b702aa6' }
{ _id: 5cacbd9f4cd448636b702aa6,
  blogTitle: 'testing ',
  blogText: 'add email to list',
  email: 'ehinerdeer@gmail.com',
  createdDate: 2019-04-09T15:43:27.749Z,
  __v: 0 }
[0mGET /api/blog/5cacbd9f4cd448636b702aa6 [36m304 [0m1.825 ms - -[0m
Getting blog list
[ { _id: 5c92ba9d8b20c2102fab1e06,
    blogTitle: 'logged in edit this',
    blogText: 'editting post check',
    createdDate: 2019-03-20T22:11:41.296Z,
    __v: 0 },
  { _id: 5c9cc365adca41483ffa646f,
    blogTitle: 'Adding',
    blogText: 'redirect test',
    createdDate: 2019-03-28T12:51:49.612Z,
    __v: 0 },
  { _id: 5ca37bba3ef75e29e41cb4db,
    blogTitle: 'logged in',
    blogText: 'testing add',
    createdDate: 2019-04-02T15:11:54.679Z,
    __v: 0 },
  { _id: 5ca37dac9e378a2ae9af60f5,
    blogTitle: 'adding a blog logged in',
    blogText: 'hope this works',
    createdDate: 2019-04-02T15:20:12.359Z,
    __v: 0 },
  { _id: 5cacbd9f4cd448636b702aa6,
    blogTitle: 'testing ',
    blogText: 'add email to list',
    email: 'ehinerdeer@gmail.com',
    createdDate: 2019-04-09T15:43:27.749Z,
    __v: 0 },
  { _id: 5caccb95b330f6678ac0e7da,
    blogTitle: 'test again',
    blogText: 'for adding purposes',
    email: 'ehinerdeer@gmail.com',
    createdDate: 2019-04-09T16:43:01.365Z,
    __v: 0 } ]
[0mGET /api/blog [36m304 [0m3.830 ms - -[0m
Getting blog list
[ { _id: 5c92ba9d8b20c2102fab1e06,
    blogTitle: 'logged in edit this',
    blogText: 'editting post check',
    createdDate: 2019-03-20T22:11:41.296Z,
    __v: 0 },
  { _id: 5c9cc365adca41483ffa646f,
    blogTitle: 'Adding',
    blogText: 'redirect test',
    createdDate: 2019-03-28T12:51:49.612Z,
    __v: 0 },
  { _id: 5ca37bba3ef75e29e41cb4db,
    blogTitle: 'logged in',
    blogText: 'testing add',
    createdDate: 2019-04-02T15:11:54.679Z,
    __v: 0 },
  { _id: 5ca37dac9e378a2ae9af60f5,
    blogTitle: 'adding a blog logged in',
    blogText: 'hope this works',
    createdDate: 2019-04-02T15:20:12.359Z,
    __v: 0 },
  { _id: 5cacbd9f4cd448636b702aa6,
    blogTitle: 'testing ',
    blogText: 'add email to list',
    email: 'ehinerdeer@gmail.com',
    createdDate: 2019-04-09T15:43:27.749Z,
    __v: 0 },
  { _id: 5caccb95b330f6678ac0e7da,
    blogTitle: 'test again',
    blogText: 'for adding purposes',
    email: 'ehinerdeer@gmail.com',
    createdDate: 2019-04-09T16:43:01.365Z,
    __v: 0 } ]
[0mGET /api/blog [36m304 [0m4.025 ms - -[0m
Getting blog list
[ { _id: 5c92ba9d8b20c2102fab1e06,
    blogTitle: 'logged in edit this',
    blogText: 'editting post check',
    createdDate: 2019-03-20T22:11:41.296Z,
    __v: 0 },
  { _id: 5c9cc365adca41483ffa646f,
    blogTitle: 'Adding',
    blogText: 'redirect test',
    createdDate: 2019-03-28T12:51:49.612Z,
    __v: 0 },
  { _id: 5ca37bba3ef75e29e41cb4db,
    blogTitle: 'logged in',
    blogText: 'testing add',
    createdDate: 2019-04-02T15:11:54.679Z,
    __v: 0 },
  { _id: 5ca37dac9e378a2ae9af60f5,
    blogTitle: 'adding a blog logged in',
    blogText: 'hope this works',
    createdDate: 2019-04-02T15:20:12.359Z,
    __v: 0 },
  { _id: 5cacbd9f4cd448636b702aa6,
    blogTitle: 'testing ',
    blogText: 'add email to list',
    email: 'ehinerdeer@gmail.com',
    createdDate: 2019-04-09T15:43:27.749Z,
    __v: 0 },
  { _id: 5caccb95b330f6678ac0e7da,
    blogTitle: 'test again',
    blogText: 'for adding purposes',
    email: 'ehinerdeer@gmail.com',
    createdDate: 2019-04-09T16:43:01.365Z,
    __v: 0 } ]
[0mGET /api/blog [36m304 [0m3.174 ms - -[0m
[0mGET / [36m304 [0m0.535 ms - -[0m
[0mGET /lib/angular-route.min.js [36m304 [0m1.346 ms - -[0m
[0mGET /lib/bootstrap/js/bootstrap.min.js [36m304 [0m1.231 ms - -[0m
[0mGET /lib/stylesheets/style.css [36m304 [0m1.186 ms - -[0m
[0mGET /lib/angular-ui-router.min.js [36m304 [0m1.168 ms - -[0m
[0mGET /lib/bootstrap/css/bootstrap.min.css [36m304 [0m0.613 ms - -[0m
[0mGET /blogApp.js [36m304 [0m0.580 ms - -[0m
[0mGET /nav/navigation.js [36m304 [0m0.730 ms - -[0m
[0mGET /nav/navigation.html [36m304 [0m0.220 ms - -[0m
Getting blog list
[ { _id: 5c9cc365adca41483ffa646f,
    blogTitle: 'Adding',
    blogText: 'redirect test',
    createdDate: 2019-03-28T12:51:49.612Z,
    __v: 0 },
  { _id: 5ca37bba3ef75e29e41cb4db,
    blogTitle: 'logged in',
    blogText: 'testing add',
    createdDate: 2019-04-02T15:11:54.679Z,
    __v: 0 },
  { _id: 5ca37dac9e378a2ae9af60f5,
    blogTitle: 'adding a blog logged in',
    blogText: 'hope this works',
    createdDate: 2019-04-02T15:20:12.359Z,
    __v: 0 },
  { _id: 5cacbd9f4cd448636b702aa6,
    blogTitle: 'testing ',
    blogText: 'add email to list',
    email: 'ehinerdeer@gmail.com',
    createdDate: 2019-04-09T15:43:27.749Z,
    __v: 0 },
  { _id: 5caccb95b330f6678ac0e7da,
    blogTitle: 'test again',
    blogText: 'for adding purposes',
    email: 'ehinerdeer@gmail.com',
    createdDate: 2019-04-09T16:43:01.365Z,
    __v: 0 } ]
[0mGET /api/blog [32m200 [0m2.754 ms - 734[0m
[0mGET /images/profile.jpeg [36m304 [0m0.484 ms - -[0m
Getting blog list
[ { _id: 5c9cc365adca41483ffa646f,
    blogTitle: 'Adding',
    blogText: 'redirect test',
    createdDate: 2019-03-28T12:51:49.612Z,
    __v: 0 },
  { _id: 5ca37bba3ef75e29e41cb4db,
    blogTitle: 'logged in',
    blogText: 'testing add',
    createdDate: 2019-04-02T15:11:54.679Z,
    __v: 0 },
  { _id: 5ca37dac9e378a2ae9af60f5,
    blogTitle: 'adding a blog logged in',
    blogText: 'hope this works',
    createdDate: 2019-04-02T15:20:12.359Z,
    __v: 0 },
  { _id: 5cacbd9f4cd448636b702aa6,
    blogTitle: 'testing ',
    blogText: 'add email to list',
    email: 'ehinerdeer@gmail.com',
    createdDate: 2019-04-09T15:43:27.749Z,
    __v: 0 },
  { _id: 5caccb95b330f6678ac0e7da,
    blogTitle: 'test again',
    blogText: 'for adding purposes',
    email: 'ehinerdeer@gmail.com',
    createdDate: 2019-04-09T16:43:01.365Z,
    __v: 0 } ]
[0mGET /api/blog [36m304 [0m2.854 ms - -[0m
[0mPOST /api/login [32m200 [0m15.696 ms - 257[0m
Getting blog list
[ { _id: 5c9cc365adca41483ffa646f,
    blogTitle: 'Adding',
    blogText: 'redirect test',
    createdDate: 2019-03-28T12:51:49.612Z,
    __v: 0 },
  { _id: 5ca37bba3ef75e29e41cb4db,
    blogTitle: 'logged in',
    blogText: 'testing add',
    createdDate: 2019-04-02T15:11:54.679Z,
    __v: 0 },
  { _id: 5ca37dac9e378a2ae9af60f5,
    blogTitle: 'adding a blog logged in',
    blogText: 'hope this works',
    createdDate: 2019-04-02T15:20:12.359Z,
    __v: 0 },
  { _id: 5cacbd9f4cd448636b702aa6,
    blogTitle: 'testing ',
    blogText: 'add email to list',
    email: 'ehinerdeer@gmail.com',
    createdDate: 2019-04-09T15:43:27.749Z,
    __v: 0 },
  { _id: 5caccb95b330f6678ac0e7da,
    blogTitle: 'test again',
    blogText: 'for adding purposes',
    email: 'ehinerdeer@gmail.com',
    createdDate: 2019-04-09T16:43:01.365Z,
    __v: 0 } ]
[0mGET /api/blog [36m304 [0m2.381 ms - -[0m
Getting blog list
[ { _id: 5c9cc365adca41483ffa646f,
    blogTitle: 'Adding',
    blogText: 'redirect test',
    createdDate: 2019-03-28T12:51:49.612Z,
    __v: 0 },
  { _id: 5ca37bba3ef75e29e41cb4db,
    blogTitle: 'logged in',
    blogText: 'testing add',
    createdDate: 2019-04-02T15:11:54.679Z,
    __v: 0 },
  { _id: 5ca37dac9e378a2ae9af60f5,
    blogTitle: 'adding a blog logged in',
    blogText: 'hope this works',
    createdDate: 2019-04-02T15:20:12.359Z,
    __v: 0 },
  { _id: 5cacbd9f4cd448636b702aa6,
    blogTitle: 'testing ',
    blogText: 'add email to list',
    email: 'ehinerdeer@gmail.com',
    createdDate: 2019-04-09T15:43:27.749Z,
    __v: 0 },
  { _id: 5caccb95b330f6678ac0e7da,
    blogTitle: 'test again',
    blogText: 'for adding purposes',
    email: 'ehinerdeer@gmail.com',
    createdDate: 2019-04-09T16:43:01.365Z,
    __v: 0 } ]
[0mGET /api/blog [36m304 [0m4.721 ms - -[0m
Getting blog list
[ { _id: 5c9cc365adca41483ffa646f,
    blogTitle: 'Adding',
    blogText: 'redirect test',
    createdDate: 2019-03-28T12:51:49.612Z,
    __v: 0 },
  { _id: 5ca37bba3ef75e29e41cb4db,
    blogTitle: 'logged in',
    blogText: 'testing add',
    createdDate: 2019-04-02T15:11:54.679Z,
    __v: 0 },
  { _id: 5ca37dac9e378a2ae9af60f5,
    blogTitle: 'adding a blog logged in',
    blogText: 'hope this works',
    createdDate: 2019-04-02T15:20:12.359Z,
    __v: 0 },
  { _id: 5cacbd9f4cd448636b702aa6,
    blogTitle: 'testing ',
    blogText: 'add email to list',
    email: 'ehinerdeer@gmail.com',
    createdDate: 2019-04-09T15:43:27.749Z,
    __v: 0 },
  { _id: 5caccb95b330f6678ac0e7da,
    blogTitle: 'test again',
    blogText: 'for adding purposes',
    email: 'ehinerdeer@gmail.com',
    createdDate: 2019-04-09T16:43:01.365Z,
    __v: 0 } ]
[0mGET /api/blog [36m304 [0m3.499 ms - -[0m
Getting blog list
[ { _id: 5c9cc365adca41483ffa646f,
    blogTitle: 'Adding',
    blogText: 'redirect test',
    createdDate: 2019-03-28T12:51:49.612Z,
    __v: 0 },
  { _id: 5ca37bba3ef75e29e41cb4db,
    blogTitle: 'logged in',
    blogText: 'testing add',
    createdDate: 2019-04-02T15:11:54.679Z,
    __v: 0 },
  { _id: 5ca37dac9e378a2ae9af60f5,
    blogTitle: 'adding a blog logged in',
    blogText: 'hope this works',
    createdDate: 2019-04-02T15:20:12.359Z,
    __v: 0 },
  { _id: 5cacbd9f4cd448636b702aa6,
    blogTitle: 'testing ',
    blogText: 'add email to list',
    email: 'ehinerdeer@gmail.com',
    createdDate: 2019-04-09T15:43:27.749Z,
    __v: 0 },
  { _id: 5caccb95b330f6678ac0e7da,
    blogTitle: 'test again',
    blogText: 'for adding purposes',
    email: 'ehinerdeer@gmail.com',
    createdDate: 2019-04-09T16:43:01.365Z,
    __v: 0 } ]
[0mGET /api/blog [36m304 [0m2.997 ms - -[0m
Getting blog list
[ { _id: 5c9cc365adca41483ffa646f,
    blogTitle: 'Adding',
    blogText: 'redirect test',
    createdDate: 2019-03-28T12:51:49.612Z,
    __v: 0 },
  { _id: 5ca37bba3ef75e29e41cb4db,
    blogTitle: 'logged in',
    blogText: 'testing add',
    createdDate: 2019-04-02T15:11:54.679Z,
    __v: 0 },
  { _id: 5ca37dac9e378a2ae9af60f5,
    blogTitle: 'adding a blog logged in',
    blogText: 'hope this works',
    createdDate: 2019-04-02T15:20:12.359Z,
    __v: 0 },
  { _id: 5cacbd9f4cd448636b702aa6,
    blogTitle: 'testing ',
    blogText: 'add email to list',
    email: 'ehinerdeer@gmail.com',
    createdDate: 2019-04-09T15:43:27.749Z,
    __v: 0 },
  { _id: 5caccb95b330f6678ac0e7da,
    blogTitle: 'test again',
    blogText: 'for adding purposes',
    email: 'ehinerdeer@gmail.com',
    createdDate: 2019-04-09T16:43:01.365Z,
    __v: 0 } ]
[0mGET /api/blog [36m304 [0m2.908 ms - -[0m
Getting blog list
[ { _id: 5c9cc365adca41483ffa646f,
    blogTitle: 'Adding',
    blogText: 'redirect test',
    createdDate: 2019-03-28T12:51:49.612Z,
    __v: 0 },
  { _id: 5ca37bba3ef75e29e41cb4db,
    blogTitle: 'logged in',
    blogText: 'testing add',
    createdDate: 2019-04-02T15:11:54.679Z,
    __v: 0 },
  { _id: 5ca37dac9e378a2ae9af60f5,
    blogTitle: 'adding a blog logged in',
    blogText: 'hope this works',
    createdDate: 2019-04-02T15:20:12.359Z,
    __v: 0 },
  { _id: 5cacbd9f4cd448636b702aa6,
    blogTitle: 'testing ',
    blogText: 'add email to list',
    email: 'ehinerdeer@gmail.com',
    createdDate: 2019-04-09T15:43:27.749Z,
    __v: 0 },
  { _id: 5caccb95b330f6678ac0e7da,
    blogTitle: 'test again',
    blogText: 'for adding purposes',
    email: 'ehinerdeer@gmail.com',
    createdDate: 2019-04-09T16:43:01.365Z,
    __v: 0 } ]
[0mGET /api/blog [36m304 [0m5.501 ms - -[0m
Getting blog list
[ { _id: 5c9cc365adca41483ffa646f,
    blogTitle: 'Adding',
    blogText: 'redirect test',
    createdDate: 2019-03-28T12:51:49.612Z,
    __v: 0 },
  { _id: 5ca37bba3ef75e29e41cb4db,
    blogTitle: 'logged in',
    blogText: 'testing add',
    createdDate: 2019-04-02T15:11:54.679Z,
    __v: 0 },
  { _id: 5ca37dac9e378a2ae9af60f5,
    blogTitle: 'adding a blog logged in',
    blogText: 'hope this works',
    createdDate: 2019-04-02T15:20:12.359Z,
    __v: 0 },
  { _id: 5cacbd9f4cd448636b702aa6,
    blogTitle: 'testing ',
    blogText: 'add email to list',
    email: 'ehinerdeer@gmail.com',
    createdDate: 2019-04-09T15:43:27.749Z,
    __v: 0 },
  { _id: 5caccb95b330f6678ac0e7da,
    blogTitle: 'test again',
    blogText: 'for adding purposes',
    email: 'ehinerdeer@gmail.com',
    createdDate: 2019-04-09T16:43:01.365Z,
    __v: 0 } ]
[0mGET /api/blog [36m304 [0m3.364 ms - -[0m
Getting blog list
[ { _id: 5c9cc365adca41483ffa646f,
    blogTitle: 'Adding',
    blogText: 'redirect test',
    createdDate: 2019-03-28T12:51:49.612Z,
    __v: 0 },
  { _id: 5ca37bba3ef75e29e41cb4db,
    blogTitle: 'logged in',
    blogText: 'testing add',
    createdDate: 2019-04-02T15:11:54.679Z,
    __v: 0 },
  { _id: 5ca37dac9e378a2ae9af60f5,
    blogTitle: 'adding a blog logged in',
    blogText: 'hope this works',
    createdDate: 2019-04-02T15:20:12.359Z,
    __v: 0 },
  { _id: 5cacbd9f4cd448636b702aa6,
    blogTitle: 'testing ',
    blogText: 'add email to list',
    email: 'ehinerdeer@gmail.com',
    createdDate: 2019-04-09T15:43:27.749Z,
    __v: 0 },
  { _id: 5caccb95b330f6678ac0e7da,
    blogTitle: 'test again',
    blogText: 'for adding purposes',
    email: 'ehinerdeer@gmail.com',
    createdDate: 2019-04-09T16:43:01.365Z,
    __v: 0 } ]
[0mGET /api/blog [36m304 [0m13.752 ms - -[0m
Getting blog list
[ { _id: 5c9cc365adca41483ffa646f,
    blogTitle: 'Adding',
    blogText: 'redirect test',
    createdDate: 2019-03-28T12:51:49.612Z,
    __v: 0 },
  { _id: 5ca37bba3ef75e29e41cb4db,
    blogTitle: 'logged in',
    blogText: 'testing add',
    createdDate: 2019-04-02T15:11:54.679Z,
    __v: 0 },
  { _id: 5ca37dac9e378a2ae9af60f5,
    blogTitle: 'adding a blog logged in',
    blogText: 'hope this works',
    createdDate: 2019-04-02T15:20:12.359Z,
    __v: 0 },
  { _id: 5cacbd9f4cd448636b702aa6,
    blogTitle: 'testing ',
    blogText: 'add email to list',
    email: 'ehinerdeer@gmail.com',
    createdDate: 2019-04-09T15:43:27.749Z,
    __v: 0 },
  { _id: 5caccb95b330f6678ac0e7da,
    blogTitle: 'test again',
    blogText: 'for adding purposes',
    email: 'ehinerdeer@gmail.com',
    createdDate: 2019-04-09T16:43:01.365Z,
    __v: 0 } ]
[0mGET /api/blog [36m304 [0m2.826 ms - -[0m
Getting blog list
[ { _id: 5c9cc365adca41483ffa646f,
    blogTitle: 'Adding',
    blogText: 'redirect test',
    createdDate: 2019-03-28T12:51:49.612Z,
    __v: 0 },
  { _id: 5ca37bba3ef75e29e41cb4db,
    blogTitle: 'logged in',
    blogText: 'testing add',
    createdDate: 2019-04-02T15:11:54.679Z,
    __v: 0 },
  { _id: 5ca37dac9e378a2ae9af60f5,
    blogTitle: 'adding a blog logged in',
    blogText: 'hope this works',
    createdDate: 2019-04-02T15:20:12.359Z,
    __v: 0 },
  { _id: 5cacbd9f4cd448636b702aa6,
    blogTitle: 'testing ',
    blogText: 'add email to list',
    email: 'ehinerdeer@gmail.com',
    createdDate: 2019-04-09T15:43:27.749Z,
    __v: 0 },
  { _id: 5caccb95b330f6678ac0e7da,
    blogTitle: 'test again',
    blogText: 'for adding purposes',
    email: 'ehinerdeer@gmail.com',
    createdDate: 2019-04-09T16:43:01.365Z,
    __v: 0 } ]
[0mGET /api/blog [36m304 [0m2.823 ms - -[0m
Getting blog list
[ { _id: 5c9cc365adca41483ffa646f,
    blogTitle: 'Adding',
    blogText: 'redirect test',
    createdDate: 2019-03-28T12:51:49.612Z,
    __v: 0 },
  { _id: 5ca37bba3ef75e29e41cb4db,
    blogTitle: 'logged in',
    blogText: 'testing add',
    createdDate: 2019-04-02T15:11:54.679Z,
    __v: 0 },
  { _id: 5ca37dac9e378a2ae9af60f5,
    blogTitle: 'adding a blog logged in',
    blogText: 'hope this works',
    createdDate: 2019-04-02T15:20:12.359Z,
    __v: 0 },
  { _id: 5cacbd9f4cd448636b702aa6,
    blogTitle: 'testing ',
    blogText: 'add email to list',
    email: 'ehinerdeer@gmail.com',
    createdDate: 2019-04-09T15:43:27.749Z,
    __v: 0 },
  { _id: 5caccb95b330f6678ac0e7da,
    blogTitle: 'test again',
    blogText: 'for adding purposes',
    email: 'ehinerdeer@gmail.com',
    createdDate: 2019-04-09T16:43:01.365Z,
    __v: 0 } ]
[0mGET /api/blog [36m304 [0m2.617 ms - -[0m
Getting blog list
[ { _id: 5c9cc365adca41483ffa646f,
    blogTitle: 'Adding',
    blogText: 'redirect test',
    createdDate: 2019-03-28T12:51:49.612Z,
    __v: 0 },
  { _id: 5ca37bba3ef75e29e41cb4db,
    blogTitle: 'logged in',
    blogText: 'testing add',
    createdDate: 2019-04-02T15:11:54.679Z,
    __v: 0 },
  { _id: 5ca37dac9e378a2ae9af60f5,
    blogTitle: 'adding a blog logged in',
    blogText: 'hope this works',
    createdDate: 2019-04-02T15:20:12.359Z,
    __v: 0 },
  { _id: 5cacbd9f4cd448636b702aa6,
    blogTitle: 'testing ',
    blogText: 'add email to list',
    email: 'ehinerdeer@gmail.com',
    createdDate: 2019-04-09T15:43:27.749Z,
    __v: 0 },
  { _id: 5caccb95b330f6678ac0e7da,
    blogTitle: 'test again',
    blogText: 'for adding purposes',
    email: 'ehinerdeer@gmail.com',
    createdDate: 2019-04-09T16:43:01.365Z,
    __v: 0 } ]
[0mGET /api/blog [36m304 [0m2.734 ms - -[0m
[0mPOST /api/login [32m200 [0m15.413 ms - 257[0m
Getting blog list
[ { _id: 5c9cc365adca41483ffa646f,
    blogTitle: 'Adding',
    blogText: 'redirect test',
    createdDate: 2019-03-28T12:51:49.612Z,
    __v: 0 },
  { _id: 5ca37bba3ef75e29e41cb4db,
    blogTitle: 'logged in',
    blogText: 'testing add',
    createdDate: 2019-04-02T15:11:54.679Z,
    __v: 0 },
  { _id: 5ca37dac9e378a2ae9af60f5,
    blogTitle: 'adding a blog logged in',
    blogText: 'hope this works',
    createdDate: 2019-04-02T15:20:12.359Z,
    __v: 0 },
  { _id: 5cacbd9f4cd448636b702aa6,
    blogTitle: 'testing ',
    blogText: 'add email to list',
    email: 'ehinerdeer@gmail.com',
    createdDate: 2019-04-09T15:43:27.749Z,
    __v: 0 },
  { _id: 5caccb95b330f6678ac0e7da,
    blogTitle: 'test again',
    blogText: 'for adding purposes',
    email: 'ehinerdeer@gmail.com',
    createdDate: 2019-04-09T16:43:01.365Z,
    __v: 0 } ]
[0mGET /api/blog [36m304 [0m2.270 ms - -[0m
Getting blog list
[ { _id: 5c9cc365adca41483ffa646f,
    blogTitle: 'Adding',
    blogText: 'redirect test',
    createdDate: 2019-03-28T12:51:49.612Z,
    __v: 0 },
  { _id: 5ca37bba3ef75e29e41cb4db,
    blogTitle: 'logged in',
    blogText: 'testing add',
    createdDate: 2019-04-02T15:11:54.679Z,
    __v: 0 },
  { _id: 5ca37dac9e378a2ae9af60f5,
    blogTitle: 'adding a blog logged in',
    blogText: 'hope this works',
    createdDate: 2019-04-02T15:20:12.359Z,
    __v: 0 },
  { _id: 5cacbd9f4cd448636b702aa6,
    blogTitle: 'testing ',
    blogText: 'add email to list',
    email: 'ehinerdeer@gmail.com',
    createdDate: 2019-04-09T15:43:27.749Z,
    __v: 0 },
  { _id: 5caccb95b330f6678ac0e7da,
    blogTitle: 'test again',
    blogText: 'for adding purposes',
    email: 'ehinerdeer@gmail.com',
    createdDate: 2019-04-09T16:43:01.365Z,
    __v: 0 } ]
[0mGET /api/blog [36m304 [0m2.716 ms - -[0m
Finding blogs { blogid: '5cacbd9f4cd448636b702aa6' }
{ _id: 5cacbd9f4cd448636b702aa6,
  blogTitle: 'testing ',
  blogText: 'add email to list',
  email: 'ehinerdeer@gmail.com',
  createdDate: 2019-04-09T15:43:27.749Z,
  __v: 0 }
[0mGET /api/blog/5cacbd9f4cd448636b702aa6 [36m304 [0m2.434 ms - -[0m
Finding blogs { blogid: '5cacbd9f4cd448636b702aa6' }
{ _id: 5cacbd9f4cd448636b702aa6,
  blogTitle: 'testing ',
  blogText: 'add email to list',
  email: 'ehinerdeer@gmail.com',
  createdDate: 2019-04-09T15:43:27.749Z,
  __v: 0 }
[0mGET /api/blog/5cacbd9f4cd448636b702aa6 [36m304 [0m1.668 ms - -[0m
Deleting blog entry id : 5cacbd9f4cd448636b702aa6
{}
[0mDELETE /api/blog/5cacbd9f4cd448636b702aa6 [32m204 [0m7.867 ms - -[0m
Getting blog list
[ { _id: 5c9cc365adca41483ffa646f,
    blogTitle: 'Adding',
    blogText: 'redirect test',
    createdDate: 2019-03-28T12:51:49.612Z,
    __v: 0 },
  { _id: 5ca37bba3ef75e29e41cb4db,
    blogTitle: 'logged in',
    blogText: 'testing add',
    createdDate: 2019-04-02T15:11:54.679Z,
    __v: 0 },
  { _id: 5ca37dac9e378a2ae9af60f5,
    blogTitle: 'adding a blog logged in',
    blogText: 'hope this works',
    createdDate: 2019-04-02T15:20:12.359Z,
    __v: 0 },
  { _id: 5caccb95b330f6678ac0e7da,
    blogTitle: 'test again',
    blogText: 'for adding purposes',
    email: 'ehinerdeer@gmail.com',
    createdDate: 2019-04-09T16:43:01.365Z,
    __v: 0 } ]
[0mGET /api/blog [32m200 [0m8.222 ms - 570[0m
Finding blogs { blogid: '5caccb95b330f6678ac0e7da' }
{ _id: 5caccb95b330f6678ac0e7da,
  blogTitle: 'test again',
  blogText: 'for adding purposes',
  email: 'ehinerdeer@gmail.com',
  createdDate: 2019-04-09T16:43:01.365Z,
  __v: 0 }
[0mGET /api/blog/5caccb95b330f6678ac0e7da [32m200 [0m2.389 ms - 172[0m
Finding blogs { blogid: '5caccb95b330f6678ac0e7da' }
{ _id: 5caccb95b330f6678ac0e7da,
  blogTitle: 'test again',
  blogText: 'for adding purposes',
  email: 'ehinerdeer@gmail.com',
  createdDate: 2019-04-09T16:43:01.365Z,
  __v: 0 }
[0mGET /api/blog/5caccb95b330f6678ac0e7da [36m304 [0m7.681 ms - -[0m
Deleting blog entry id : 5caccb95b330f6678ac0e7da
{}
[0mDELETE /api/blog/5caccb95b330f6678ac0e7da [32m204 [0m4.014 ms - -[0m
Getting blog list
[ { _id: 5c9cc365adca41483ffa646f,
    blogTitle: 'Adding',
    blogText: 'redirect test',
    createdDate: 2019-03-28T12:51:49.612Z,
    __v: 0 },
  { _id: 5ca37bba3ef75e29e41cb4db,
    blogTitle: 'logged in',
    blogText: 'testing add',
    createdDate: 2019-04-02T15:11:54.679Z,
    __v: 0 },
  { _id: 5ca37dac9e378a2ae9af60f5,
    blogTitle: 'adding a blog logged in',
    blogText: 'hope this works',
    createdDate: 2019-04-02T15:20:12.359Z,
    __v: 0 } ]
[0mGET /api/blog [32m200 [0m1.941 ms - 402[0m
